0    [main] INFO  org.eclipse.jetty.server.Server  – jetty-8.1.10.v20130312
27   [main] INFO  org.eclipse.jetty.deploy.providers.ScanningAppProvider  – Deployment monitor /home/ubuntu/nyugeoblacklight/jetty/contexts at interval 0
42   [main] INFO  org.eclipse.jetty.deploy.DeploymentManager  – Deployable added: /home/ubuntu/nyugeoblacklight/jetty/contexts/solr.xml
1597 [main] INFO  org.eclipse.jetty.webapp.StandardDescriptorProcessor  – NO JSP Support for /solr, did not find org.apache.jasper.servlet.JspServlet
1683 [main] INFO  org.apache.solr.servlet.SolrDispatchFilter  – SolrDispatchFilter.init()
1722 [main] INFO  org.apache.solr.core.SolrResourceLoader  – JNDI not configured for solr (NoInitialContextEx)
1723 [main] INFO  org.apache.solr.core.SolrResourceLoader  – using system property solr.solr.home: /home/ubuntu/nyugeoblacklight/jetty/solr
1723 [main] INFO  org.apache.solr.core.SolrResourceLoader  – new SolrResourceLoader for directory: '/home/ubuntu/nyugeoblacklight/jetty/solr/'
1732 [main] INFO  org.apache.solr.core.SolrResourceLoader  – Adding 'file:/home/ubuntu/nyugeoblacklight/jetty/solr/lib/solr-langid-4.10.3.jar' to classloader
1733 [main] INFO  org.apache.solr.core.SolrResourceLoader  – Adding 'file:/home/ubuntu/nyugeoblacklight/jetty/solr/lib/solr-analysis-extras-4.10.3.jar' to classloader
1733 [main] INFO  org.apache.solr.core.SolrResourceLoader  – Adding 'file:/home/ubuntu/nyugeoblacklight/jetty/solr/lib/contrib/' to classloader
1733 [main] INFO  org.apache.solr.core.SolrResourceLoader  – Adding 'file:/home/ubuntu/nyugeoblacklight/jetty/solr/lib/solr-clustering-4.10.3.jar' to classloader
1918 [main] INFO  org.apache.solr.core.ConfigSolr  – Loading container configuration from /home/ubuntu/nyugeoblacklight/jetty/solr/solr.xml
2038 [main] INFO  org.apache.solr.core.CoresLocator  – Config-defined core root directory: /home/ubuntu/nyugeoblacklight/jetty/solr
2045 [main] INFO  org.apache.solr.core.CoreContainer  – New CoreContainer 1847028613
2045 [main] INFO  org.apache.solr.core.CoreContainer  – Loading cores into CoreContainer [instanceDir=/home/ubuntu/nyugeoblacklight/jetty/solr/]
2047 [main] INFO  org.apache.solr.core.CoreContainer  – loading shared library: /home/ubuntu/nyugeoblacklight/jetty/solr/lib
2047 [main] INFO  org.apache.solr.core.SolrResourceLoader  – Adding 'file:/home/ubuntu/nyugeoblacklight/jetty/solr/lib/solr-langid-4.10.3.jar' to classloader
2048 [main] INFO  org.apache.solr.core.SolrResourceLoader  – Adding 'file:/home/ubuntu/nyugeoblacklight/jetty/solr/lib/solr-analysis-extras-4.10.3.jar' to classloader
2048 [main] INFO  org.apache.solr.core.SolrResourceLoader  – Adding 'file:/home/ubuntu/nyugeoblacklight/jetty/solr/lib/contrib/' to classloader
2048 [main] INFO  org.apache.solr.core.SolrResourceLoader  – Adding 'file:/home/ubuntu/nyugeoblacklight/jetty/solr/lib/solr-clustering-4.10.3.jar' to classloader
2098 [main] INFO  org.apache.solr.handler.component.HttpShardHandlerFactory  – Setting socketTimeout to: 0
2099 [main] INFO  org.apache.solr.handler.component.HttpShardHandlerFactory  – Setting urlScheme to: null
2102 [main] INFO  org.apache.solr.handler.component.HttpShardHandlerFactory  – Setting connTimeout to: 0
2102 [main] INFO  org.apache.solr.handler.component.HttpShardHandlerFactory  – Setting maxConnectionsPerHost to: 20
2102 [main] INFO  org.apache.solr.handler.component.HttpShardHandlerFactory  – Setting corePoolSize to: 0
2103 [main] INFO  org.apache.solr.handler.component.HttpShardHandlerFactory  – Setting maximumPoolSize to: 2147483647
2103 [main] INFO  org.apache.solr.handler.component.HttpShardHandlerFactory  – Setting maxThreadIdleTime to: 5
2107 [main] INFO  org.apache.solr.handler.component.HttpShardHandlerFactory  – Setting sizeOfQueue to: -1
2107 [main] INFO  org.apache.solr.handler.component.HttpShardHandlerFactory  – Setting fairnessPolicy to: false
2425 [main] INFO  org.apache.solr.update.UpdateShardHandler  – Creating UpdateShardHandler HTTP client with params: socketTimeout=0&connTimeout=0&retry=false
2427 [main] INFO  org.apache.solr.logging.LogWatcher  – SLF4J impl is org.slf4j.impl.Log4jLoggerFactory
2427 [main] INFO  org.apache.solr.logging.LogWatcher  – Registering Log Listener [Log4j (org.slf4j.impl.Log4jLoggerFactory)]
2428 [main] INFO  org.apache.solr.core.CoreContainer  – Host Name: 
2470 [main] INFO  org.apache.solr.core.CoresLocator  – Looking for core definitions underneath /home/ubuntu/nyugeoblacklight/jetty/solr
2491 [main] INFO  org.apache.solr.core.CoresLocator  – Found core blacklight-core in /home/ubuntu/nyugeoblacklight/jetty/solr/blacklight-core/
2491 [main] INFO  org.apache.solr.core.CoresLocator  – Found 1 core definitions
2493 [coreLoadExecutor-5-thread-1] INFO  org.apache.solr.core.SolrResourceLoader  – new SolrResourceLoader for directory: '/home/ubuntu/nyugeoblacklight/jetty/solr/blacklight-core/'
2672 [coreLoadExecutor-5-thread-1] INFO  org.apache.solr.core.SolrConfig  – Using Lucene MatchVersion: 4.7.0
2835 [coreLoadExecutor-5-thread-1] INFO  org.apache.solr.core.Config  – Loaded SolrConfig: solrconfig.xml
2848 [coreLoadExecutor-5-thread-1] INFO  org.apache.solr.schema.IndexSchema  – Reading Solr Schema from /home/ubuntu/nyugeoblacklight/jetty/solr/blacklight-core/conf/schema.xml
2907 [coreLoadExecutor-5-thread-1] INFO  org.apache.solr.schema.IndexSchema  – [blacklight-core] Schema name=geoblacklight-schema
3107 [coreLoadExecutor-5-thread-1] INFO  org.apache.solr.schema.IndexSchema  – unique key field: uuid
3188 [coreLoadExecutor-5-thread-1] INFO  org.apache.solr.core.CoreContainer  – Creating SolrCore 'blacklight-core' using configuration from instancedir /home/ubuntu/nyugeoblacklight/jetty/solr/blacklight-core/
3203 [coreLoadExecutor-5-thread-1] INFO  org.apache.solr.core.SolrCore  – solr.NRTCachingDirectoryFactory
3209 [coreLoadExecutor-5-thread-1] INFO  org.apache.solr.core.SolrCore  – [blacklight-core] Opening new SolrCore at /home/ubuntu/nyugeoblacklight/jetty/solr/blacklight-core/, dataDir=/home/ubuntu/nyugeoblacklight/jetty/solr/blacklight-core/data/
3209 [coreLoadExecutor-5-thread-1] INFO  org.apache.solr.core.SolrCore  – JMX monitoring not detected for core: blacklight-core
3216 [coreLoadExecutor-5-thread-1] INFO  org.apache.solr.core.SolrCore  – [blacklight-core] Added SolrEventListener for newSearcher: org.apache.solr.core.QuerySenderListener{queries=[{q=stanford}, {q=polygon}]}
3216 [coreLoadExecutor-5-thread-1] INFO  org.apache.solr.core.SolrCore  – [blacklight-core] Added SolrEventListener for firstSearcher: org.apache.solr.core.QuerySenderListener{queries=[{q=static firstSearcher warming in solrconfig.xml}]}
3228 [coreLoadExecutor-5-thread-1] INFO  org.apache.solr.core.CachingDirectoryFactory  – return new directory for /home/ubuntu/nyugeoblacklight/jetty/solr/blacklight-core/data
3231 [coreLoadExecutor-5-thread-1] INFO  org.apache.solr.core.SolrCore  – New index directory detected: old=null new=/home/ubuntu/nyugeoblacklight/jetty/solr/blacklight-core/data/index/
3233 [coreLoadExecutor-5-thread-1] INFO  org.apache.solr.core.CachingDirectoryFactory  – return new directory for /home/ubuntu/nyugeoblacklight/jetty/solr/blacklight-core/data/index
3361 [coreLoadExecutor-5-thread-1] INFO  org.apache.solr.core.SolrCore  – no updateRequestProcessorChain defined as default, creating implicit default
3377 [coreLoadExecutor-5-thread-1] INFO  org.apache.solr.core.RequestHandlers  – created /update: org.apache.solr.handler.UpdateRequestHandler
3377 [coreLoadExecutor-5-thread-1] INFO  org.apache.solr.core.RequestHandlers  – created /update/json: org.apache.solr.handler.UpdateRequestHandler
3377 [coreLoadExecutor-5-thread-1] INFO  org.apache.solr.core.RequestHandlers  – created /update/csv: org.apache.solr.handler.UpdateRequestHandler
3378 [coreLoadExecutor-5-thread-1] INFO  org.apache.solr.core.RequestHandlers  – created /update/json/docs: org.apache.solr.handler.UpdateRequestHandler
3384 [coreLoadExecutor-5-thread-1] INFO  org.apache.solr.core.RequestHandlers  – created /get: solr.RealTimeGetHandler
3384 [coreLoadExecutor-5-thread-1] INFO  org.apache.solr.core.RequestHandlers  – adding lazy requestHandler: solr.ReplicationHandler
3385 [coreLoadExecutor-5-thread-1] INFO  org.apache.solr.core.RequestHandlers  – created /replication: solr.ReplicationHandler
3395 [coreLoadExecutor-5-thread-1] INFO  org.apache.solr.core.RequestHandlers  – created /search: solr.SearchHandler
3395 [coreLoadExecutor-5-thread-1] INFO  org.apache.solr.core.RequestHandlers  – created /select: solr.SearchHandler
3397 [coreLoadExecutor-5-thread-1] WARN  org.apache.solr.core.RequestHandlers  – Multiple requestHandler registered to the same name: /update ignoring: org.apache.solr.handler.UpdateRequestHandler
3407 [coreLoadExecutor-5-thread-1] INFO  org.apache.solr.core.RequestHandlers  – created /update: solr.UpdateRequestHandler
3409 [coreLoadExecutor-5-thread-1] INFO  org.apache.solr.core.RequestHandlers  – created /admin/: solr.admin.AdminHandlers
3411 [coreLoadExecutor-5-thread-1] INFO  org.apache.solr.core.RequestHandlers  – created /admin/ping: solr.PingRequestHandler
3411 [coreLoadExecutor-5-thread-1] INFO  org.apache.solr.core.RequestHandlers  – adding lazy requestHandler: solr.FieldAnalysisRequestHandler
3411 [coreLoadExecutor-5-thread-1] INFO  org.apache.solr.core.RequestHandlers  – created /analysis/field: solr.FieldAnalysisRequestHandler
3440 [coreLoadExecutor-5-thread-1] INFO  org.apache.solr.handler.loader.XMLLoader  – xsltCacheLifetimeSeconds=60
3450 [coreLoadExecutor-5-thread-1] INFO  org.apache.solr.handler.loader.XMLLoader  – xsltCacheLifetimeSeconds=60
3451 [coreLoadExecutor-5-thread-1] INFO  org.apache.solr.handler.loader.XMLLoader  – xsltCacheLifetimeSeconds=60
3452 [coreLoadExecutor-5-thread-1] INFO  org.apache.solr.handler.loader.XMLLoader  – xsltCacheLifetimeSeconds=60
3452 [coreLoadExecutor-5-thread-1] INFO  org.apache.solr.handler.loader.XMLLoader  – xsltCacheLifetimeSeconds=60
3500 [coreLoadExecutor-5-thread-1] INFO  org.apache.solr.core.SolrCore  – Hard AutoCommit: if uncommited for 15000ms; 
3500 [coreLoadExecutor-5-thread-1] INFO  org.apache.solr.core.SolrCore  – Soft AutoCommit: disabled
3801 [coreLoadExecutor-5-thread-1] INFO  org.apache.solr.core.SolrCore  – SolrDeletionPolicy.onInit: commits: num=1
	commit{dir=NRTCachingDirectory(MMapDirectory@/home/ubuntu/nyugeoblacklight/jetty/solr/blacklight-core/data/index lockFactory=NativeFSLockFactory@/home/ubuntu/nyugeoblacklight/jetty/solr/blacklight-core/data/index; maxCacheMB=48.0 maxMergeSizeMB=4.0),segFN=segments_6f,generation=231}
3802 [coreLoadExecutor-5-thread-1] INFO  org.apache.solr.core.SolrCore  – newest commit generation = 231
4072 [coreLoadExecutor-5-thread-1] INFO  org.apache.solr.search.SolrIndexSearcher  – Opening Searcher@2d1ddb1d[blacklight-core] main
4085 [coreLoadExecutor-5-thread-1] INFO  org.apache.solr.rest.ManagedResourceStorage  – File-based storage initialized to use dir: /home/ubuntu/nyugeoblacklight/jetty/solr/blacklight-core/conf
4085 [coreLoadExecutor-5-thread-1] INFO  org.apache.solr.rest.RestManager  – Initializing RestManager with initArgs: {storageDir=/home/ubuntu/nyugeoblacklight/jetty/solr/blacklight-core/conf}
4096 [coreLoadExecutor-5-thread-1] INFO  org.apache.solr.rest.ManagedResourceStorage  – Reading _rest_managed.json using file:dir=/home/ubuntu/nyugeoblacklight/jetty/solr/blacklight-core/conf
4099 [coreLoadExecutor-5-thread-1] INFO  org.apache.solr.rest.ManagedResourceStorage  – Loaded LinkedHashMap at path _rest_managed.json using file:dir=/home/ubuntu/nyugeoblacklight/jetty/solr/blacklight-core/conf
4099 [coreLoadExecutor-5-thread-1] INFO  org.apache.solr.rest.ManagedResource  – Loaded initArgs {} for /rest/managed
4099 [coreLoadExecutor-5-thread-1] INFO  org.apache.solr.rest.RestManager  – Initializing 0 registered ManagedResources
4111 [searcherExecutor-6-thread-1] INFO  org.apache.solr.core.SolrCore  – QuerySenderListener sending requests to Searcher@2d1ddb1d[blacklight-core] main{StandardDirectoryReader(segments_6f:585:nrt _6a(4.10.3):C158/27:delGen=17 _6l(4.10.3):C10 _6m(4.10.3):C1 _6n(4.10.3):C1 _6o(4.10.3):C1 _6p(4.10.3):C1 _6q(4.10.3):C1 _6r(4.10.3):C1 _6s(4.10.3):C1 _6t(4.10.3):C1 _6v(4.10.3):C1 _6w(4.10.3):C1 _6x(4.10.3):C1 _6y(4.10.3):C1 _6z(4.10.3):C1 _70(4.10.3):C1 _71(4.10.3):C1 _72(4.10.3):C1 _73(4.10.3):C1)}
4120 [coreLoadExecutor-5-thread-1] INFO  org.apache.solr.core.CoreContainer  – registering core: blacklight-core
4123 [main] INFO  org.apache.solr.servlet.SolrDispatchFilter  – user.dir=/home/ubuntu/nyugeoblacklight/jetty
4124 [main] INFO  org.apache.solr.servlet.SolrDispatchFilter  – SolrDispatchFilter.init() done
4127 [recoveryExecutor-7-thread-1] WARN  org.apache.solr.update.UpdateLog  – Starting log replay tlog{file=/home/ubuntu/nyugeoblacklight/jetty/solr/blacklight-core/data/tlog/tlog.0000000000000000231 refcount=2} active=false starting pos=0
4234 [main] INFO  org.eclipse.jetty.server.AbstractConnector  – Started SocketConnector@0.0.0.0:8983
4287 [recoveryExecutor-7-thread-1] INFO  org.apache.solr.schema.SpatialRecursivePrefixTreeFieldType  – location_rpt{class=org.apache.solr.schema.SpatialRecursivePrefixTreeFieldType,analyzer=org.apache.solr.schema.FieldType$DefaultAnalyzer,args={distErrPct=0.025, class=solr.SpatialRecursivePrefixTreeFieldType, maxDistErr=0.000009, units=degrees}} strat: RecursivePrefixTreeStrategy(prefixGridScanLevel:7,SPG:(GeohashPrefixTree(maxLevels:11,ctx:SpatialContext{geo=true, calculator=Haversine, worldBounds=Rect(minX=-180.0,maxX=180.0,minY=-90.0,maxY=90.0)}))) maxLevels: 11
4735 [recoveryExecutor-7-thread-1] INFO  org.apache.solr.update.UpdateHandler  – start commit{flags=2,optimize=false,openSearcher=true,waitSearcher=true,expungeDeletes=false,softCommit=false,prepareCommit=false}
4759 [searcherExecutor-6-thread-1] INFO  org.apache.solr.core.SolrCore  – UnInverted multi-valued field {field=dct_isPartOf_sm,memSize=4288,tindexSize=0,time=0,phase1=0,nTerms=0,bigTerms=0,termInstances=0,uses=0}
4842 [searcherExecutor-6-thread-1] INFO  org.apache.solr.core.SolrCore  – UnInverted multi-valued field {field=dct_spatial_sm,memSize=5533,tindexSize=84,time=40,phase1=40,nTerms=233,bigTerms=3,termInstances=297,uses=0}
4853 [searcherExecutor-6-thread-1] INFO  org.apache.solr.core.SolrCore  – UnInverted multi-valued field {field=dc_creator_sm,memSize=5317,tindexSize=56,time=2,phase1=2,nTerms=51,bigTerms=2,termInstances=75,uses=0}
4924 [searcherExecutor-6-thread-1] INFO  org.apache.solr.core.SolrCore  – UnInverted multi-valued field {field=dc_subject_sm,memSize=6082,tindexSize=48,time=22,phase1=22,nTerms=88,bigTerms=9,termInstances=173,uses=0}
4935 [searcherExecutor-6-thread-1] INFO  org.apache.solr.core.SolrCore  – [blacklight-core] webapp=null path=null params={event=firstSearcher&q=static+firstSearcher+warming+in+solrconfig.xml&distrib=false} hits=0 status=0 QTime=822 
4947 [searcherExecutor-6-thread-1] INFO  org.apache.solr.core.SolrCore  – QuerySenderListener done.
4947 [searcherExecutor-6-thread-1] INFO  org.apache.solr.core.SolrCore  – [blacklight-core] Registered new searcher Searcher@2d1ddb1d[blacklight-core] main{StandardDirectoryReader(segments_6f:585:nrt _6a(4.10.3):C158/27:delGen=17 _6l(4.10.3):C10 _6m(4.10.3):C1 _6n(4.10.3):C1 _6o(4.10.3):C1 _6p(4.10.3):C1 _6q(4.10.3):C1 _6r(4.10.3):C1 _6s(4.10.3):C1 _6t(4.10.3):C1 _6v(4.10.3):C1 _6w(4.10.3):C1 _6x(4.10.3):C1 _6y(4.10.3):C1 _6z(4.10.3):C1 _70(4.10.3):C1 _71(4.10.3):C1 _72(4.10.3):C1 _73(4.10.3):C1)}
5356 [recoveryExecutor-7-thread-1] INFO  org.apache.solr.core.SolrCore  – SolrDeletionPolicy.onCommit: commits: num=2
	commit{dir=NRTCachingDirectory(MMapDirectory@/home/ubuntu/nyugeoblacklight/jetty/solr/blacklight-core/data/index lockFactory=NativeFSLockFactory@/home/ubuntu/nyugeoblacklight/jetty/solr/blacklight-core/data/index; maxCacheMB=48.0 maxMergeSizeMB=4.0),segFN=segments_6f,generation=231}
	commit{dir=NRTCachingDirectory(MMapDirectory@/home/ubuntu/nyugeoblacklight/jetty/solr/blacklight-core/data/index lockFactory=NativeFSLockFactory@/home/ubuntu/nyugeoblacklight/jetty/solr/blacklight-core/data/index; maxCacheMB=48.0 maxMergeSizeMB=4.0),segFN=segments_6g,generation=232}
5356 [recoveryExecutor-7-thread-1] INFO  org.apache.solr.core.SolrCore  – newest commit generation = 232
5389 [recoveryExecutor-7-thread-1] INFO  org.apache.solr.search.SolrIndexSearcher  – Opening Searcher@5340d9b5[blacklight-core] main
5400 [searcherExecutor-6-thread-1] INFO  org.apache.solr.core.SolrCore  – QuerySenderListener sending requests to Searcher@5340d9b5[blacklight-core] main{StandardDirectoryReader(segments_6f:590:nrt _6a(4.10.3):C158/28:delGen=18 _6l(4.10.3):C10 _6m(4.10.3):C1 _6n(4.10.3):C1 _6o(4.10.3):C1 _6p(4.10.3):C1 _6q(4.10.3):C1 _6r(4.10.3):C1 _6s(4.10.3):C1 _6t(4.10.3):C1 _6v(4.10.3):C1 _6w(4.10.3):C1 _6x(4.10.3):C1 _6y(4.10.3):C1 _6z(4.10.3):C1 _70(4.10.3):C1 _71(4.10.3):C1 _72(4.10.3):C1 _73(4.10.3):C1 _74(4.10.3):C1)}
5407 [recoveryExecutor-7-thread-1] INFO  org.apache.solr.update.UpdateHandler  – end_commit_flush
5454 [searcherExecutor-6-thread-1] INFO  org.apache.solr.core.SolrCore  – UnInverted multi-valued field {field=dct_isPartOf_sm,memSize=4288,tindexSize=0,time=0,phase1=0,nTerms=0,bigTerms=0,termInstances=0,uses=0}
5493 [searcherExecutor-6-thread-1] INFO  org.apache.solr.core.SolrCore  – UnInverted multi-valued field {field=dct_spatial_sm,memSize=5537,tindexSize=84,time=13,phase1=13,nTerms=233,bigTerms=3,termInstances=297,uses=0}
5508 [searcherExecutor-6-thread-1] INFO  org.apache.solr.core.SolrCore  – UnInverted multi-valued field {field=dc_creator_sm,memSize=5321,tindexSize=56,time=14,phase1=14,nTerms=51,bigTerms=2,termInstances=75,uses=0}
5577 [searcherExecutor-6-thread-1] INFO  org.apache.solr.core.SolrCore  – UnInverted multi-valued field {field=dc_subject_sm,memSize=6086,tindexSize=48,time=23,phase1=23,nTerms=88,bigTerms=9,termInstances=173,uses=0}
5592 [searcherExecutor-6-thread-1] INFO  org.apache.solr.core.SolrCore  – [blacklight-core] webapp=null path=null params={event=newSearcher&q=stanford&distrib=false} hits=0 status=0 QTime=185 
5737 [searcherExecutor-6-thread-1] INFO  org.apache.solr.core.SolrCore  – [blacklight-core] webapp=null path=null params={event=newSearcher&q=polygon&distrib=false} hits=11 status=0 QTime=145 
5770 [searcherExecutor-6-thread-1] INFO  org.apache.solr.core.SolrCore  – QuerySenderListener done.
5770 [searcherExecutor-6-thread-1] INFO  org.apache.solr.core.SolrCore  – [blacklight-core] Registered new searcher Searcher@5340d9b5[blacklight-core] main{StandardDirectoryReader(segments_6f:590:nrt _6a(4.10.3):C158/28:delGen=18 _6l(4.10.3):C10 _6m(4.10.3):C1 _6n(4.10.3):C1 _6o(4.10.3):C1 _6p(4.10.3):C1 _6q(4.10.3):C1 _6r(4.10.3):C1 _6s(4.10.3):C1 _6t(4.10.3):C1 _6v(4.10.3):C1 _6w(4.10.3):C1 _6x(4.10.3):C1 _6y(4.10.3):C1 _6z(4.10.3):C1 _70(4.10.3):C1 _71(4.10.3):C1 _72(4.10.3):C1 _73(4.10.3):C1 _74(4.10.3):C1)}
5820 [recoveryExecutor-7-thread-1] INFO  org.apache.solr.update.processor.LogUpdateProcessor  – [blacklight-core] {add=[http://arks.princeton.edu/ark:/88435/000002207 (1496267910506610688)]} 0 1694
5820 [recoveryExecutor-7-thread-1] WARN  org.apache.solr.update.UpdateLog  – Log replay finished. recoveryInfo=RecoveryInfo{adds=1 deletes=0 deleteByQuery=0 errors=0 positionOfStart=0}
11865 [qtp1992630282-12] INFO  org.apache.solr.core.SolrCore  – [blacklight-core] webapp=/solr path=/select params={f.dc_creator_sm.facet.limit=9&f.dc_rights_s.facet.limit=9&facet=true&sort=score+desc,+dc_title_sort+asc&f.solr_year_i.facet.limit=11&f.dc_format_s.facet.limit=9&stats=true&f.dct_provenance_s.facet.limit=9&q.alt=*:*&f.dc_publisher_s.facet.limit=9&wt=ruby&rows=10&f.layer_geom_type_s.facet.limit=9&f.dct_spatial_sm.facet.limit=9&start=0&stats.field=solr_year_i&f.dc_subject_sm.facet.limit=9&f.dct_isPartOf_sm.facet.limit=9&facet.field=dct_provenance_s&facet.field=dc_creator_sm&facet.field=dc_publisher_s&facet.field=dc_subject_sm&facet.field=dct_spatial_sm&facet.field=dct_isPartOf_sm&facet.field=solr_year_i&facet.field=dc_rights_s&facet.field=layer_geom_type_s&facet.field=dc_format_s&qt=search} hits=158 status=0 QTime=50 
14541 [qtp1992630282-13] INFO  org.apache.solr.core.SolrCore  – [blacklight-core] webapp=/solr path=/select params={f.dc_creator_sm.facet.limit=9&f.dc_rights_s.facet.limit=9&facet=true&sort=score+desc,+dc_title_sort+asc&f.solr_year_i.facet.limit=11&f.dc_format_s.facet.limit=9&stats=true&f.dct_provenance_s.facet.limit=9&q.alt=*:*&f.dc_publisher_s.facet.limit=9&wt=ruby&rows=10&f.layer_geom_type_s.facet.limit=9&f.dct_spatial_sm.facet.limit=9&start=0&stats.field=solr_year_i&f.dc_subject_sm.facet.limit=9&f.dct_isPartOf_sm.facet.limit=9&facet.field=dct_provenance_s&facet.field=dc_creator_sm&facet.field=dc_publisher_s&facet.field=dc_subject_sm&facet.field=dct_spatial_sm&facet.field=dct_isPartOf_sm&facet.field=solr_year_i&facet.field=dc_rights_s&facet.field=layer_geom_type_s&facet.field=dc_format_s&qt=search&fq={!raw+f%3Ddct_provenance_s}Princeton} hits=154 status=0 QTime=32 
15782 [qtp1992630282-14] INFO  org.apache.solr.core.SolrCore  – [blacklight-core] webapp=/solr path=/select params={f.dc_creator_sm.facet.limit=9&f.dc_rights_s.facet.limit=9&facet=true&sort=score+desc,+dc_title_sort+asc&f.solr_year_i.facet.limit=11&f.dc_format_s.facet.limit=9&stats=true&f.dct_provenance_s.facet.limit=9&q.alt=*:*&f.dc_publisher_s.facet.limit=9&wt=ruby&rows=0&f.layer_geom_type_s.facet.limit=9&f.dct_spatial_sm.facet.limit=9&facet.query=solr_year_i:[1578+TO+1599]&facet.query=solr_year_i:[1600+TO+1649]&facet.query=solr_year_i:[1650+TO+1699]&facet.query=solr_year_i:[1700+TO+1749]&facet.query=solr_year_i:[1750+TO+1799]&facet.query=solr_year_i:[1800+TO+1849]&facet.query=solr_year_i:[1850+TO+1899]&facet.query=solr_year_i:[1900+TO+1949]&facet.query=solr_year_i:[1950+TO+1999]&facet.query=solr_year_i:[2000+TO+2006]&start=0&stats.field=solr_year_i&f.dc_subject_sm.facet.limit=9&f.dct_isPartOf_sm.facet.limit=9&qt=search&fq={!raw+f%3Ddct_provenance_s}Princeton} hits=154 status=0 QTime=42 
883474 [qtp1992630282-15] INFO  org.apache.solr.core.SolrCore  – [blacklight-core] webapp=/solr path=/select params={id=princeton-00000164j&q={!raw+f%3Dlayer_slug_s+v%3D$id}&qt=document&wt=ruby} hits=1 status=0 QTime=6 
883499 [qtp1992630282-16] INFO  org.apache.solr.core.SolrCore  – [blacklight-core] webapp=/solr path=/select params={f.dc_creator_sm.facet.limit=9&f.dc_rights_s.facet.limit=9&facet=false&sort=score+desc,+dc_title_sort+asc&f.solr_year_i.facet.limit=11&f.dc_format_s.facet.limit=9&stats=true&f.dct_provenance_s.facet.limit=9&q.alt=*:*&f.dc_publisher_s.facet.limit=9&wt=ruby&rows=2&f.layer_geom_type_s.facet.limit=9&f.dct_spatial_sm.facet.limit=9&fl=*&start=0&stats.field=solr_year_i&f.dc_subject_sm.facet.limit=9&f.dct_isPartOf_sm.facet.limit=9&facet.field=dct_provenance_s&facet.field=dc_creator_sm&facet.field=dc_publisher_s&facet.field=dc_subject_sm&facet.field=dct_spatial_sm&facet.field=dct_isPartOf_sm&facet.field=solr_year_i&facet.field=dc_rights_s&facet.field=layer_geom_type_s&facet.field=dc_format_s&qt=search&fq={!raw+f%3Ddct_provenance_s}Princeton} hits=154 status=0 QTime=6 
889002 [qtp1992630282-17] INFO  org.apache.solr.core.SolrCore  – [blacklight-core] webapp=/solr path=/select params={id=princeton-00000164j&q={!raw+f%3Dlayer_slug_s+v%3D$id}&qt=document&wt=ruby} hits=1 status=0 QTime=5 
2438619 [qtp1992630282-15] INFO  org.apache.solr.core.SolrCore  – [blacklight-core] webapp=/solr path=/select params={f.dc_creator_sm.facet.limit=9&f.dc_rights_s.facet.limit=9&facet=true&sort=score+desc,+dc_title_sort+asc&f.solr_year_i.facet.limit=11&f.dc_format_s.facet.limit=9&stats=true&f.dct_provenance_s.facet.limit=9&q.alt=*:*&f.dc_publisher_s.facet.limit=9&wt=ruby&rows=10&f.layer_geom_type_s.facet.limit=9&f.dct_spatial_sm.facet.limit=9&start=0&stats.field=solr_year_i&f.dc_subject_sm.facet.limit=9&f.dct_isPartOf_sm.facet.limit=9&facet.field=dct_provenance_s&facet.field=dc_creator_sm&facet.field=dc_publisher_s&facet.field=dc_subject_sm&facet.field=dct_spatial_sm&facet.field=dct_isPartOf_sm&facet.field=solr_year_i&facet.field=dc_rights_s&facet.field=layer_geom_type_s&facet.field=dc_format_s&qt=search} hits=158 status=0 QTime=11 
2441718 [qtp1992630282-16] INFO  org.apache.solr.core.SolrCore  – [blacklight-core] webapp=/solr path=/select params={f.dc_creator_sm.facet.limit=9&f.dc_rights_s.facet.limit=9&facet=true&sort=score+desc,+dc_title_sort+asc&f.solr_year_i.facet.limit=11&f.dc_format_s.facet.limit=9&stats=true&f.dct_provenance_s.facet.limit=9&q.alt=*:*&f.dc_publisher_s.facet.limit=9&wt=ruby&rows=10&f.layer_geom_type_s.facet.limit=9&f.dct_spatial_sm.facet.limit=9&start=0&stats.field=solr_year_i&f.dc_subject_sm.facet.limit=9&f.dct_isPartOf_sm.facet.limit=9&facet.field=dct_provenance_s&facet.field=dc_creator_sm&facet.field=dc_publisher_s&facet.field=dc_subject_sm&facet.field=dct_spatial_sm&facet.field=dct_isPartOf_sm&facet.field=solr_year_i&facet.field=dc_rights_s&facet.field=layer_geom_type_s&facet.field=dc_format_s&qt=search&fq={!raw+f%3Ddct_provenance_s}New+York+University} hits=4 status=0 QTime=11 
3536555 [qtp1992630282-18] INFO  org.apache.solr.core.SolrCore  – [blacklight-core] webapp=/solr path=/select params={f.dc_creator_sm.facet.limit=9&f.dc_rights_s.facet.limit=9&facet=true&sort=score+desc,+dc_title_sort+asc&f.solr_year_i.facet.limit=11&f.dc_format_s.facet.limit=9&stats=true&f.dct_provenance_s.facet.limit=9&q.alt=*:*&f.dc_publisher_s.facet.limit=9&wt=ruby&rows=10&f.layer_geom_type_s.facet.limit=9&f.dct_spatial_sm.facet.limit=9&start=0&stats.field=solr_year_i&f.dc_subject_sm.facet.limit=9&f.dct_isPartOf_sm.facet.limit=9&facet.field=dct_provenance_s&facet.field=dc_creator_sm&facet.field=dc_publisher_s&facet.field=dc_subject_sm&facet.field=dct_spatial_sm&facet.field=dct_isPartOf_sm&facet.field=solr_year_i&facet.field=dc_rights_s&facet.field=layer_geom_type_s&facet.field=dc_format_s&qt=search} hits=158 status=0 QTime=17 
3540361 [qtp1992630282-11] INFO  org.apache.solr.core.SolrCore  – [blacklight-core] webapp=/solr path=/select params={f.dc_creator_sm.facet.limit=9&f.dc_rights_s.facet.limit=9&facet=true&sort=score+desc,+dc_title_sort+asc&f.solr_year_i.facet.limit=11&f.dc_format_s.facet.limit=9&stats=true&f.dct_provenance_s.facet.limit=9&q.alt=*:*&f.dc_publisher_s.facet.limit=9&wt=ruby&rows=10&f.layer_geom_type_s.facet.limit=9&f.dct_spatial_sm.facet.limit=9&start=0&stats.field=solr_year_i&f.dc_subject_sm.facet.limit=9&f.dct_isPartOf_sm.facet.limit=9&facet.field=dct_provenance_s&facet.field=dc_creator_sm&facet.field=dc_publisher_s&facet.field=dc_subject_sm&facet.field=dct_spatial_sm&facet.field=dct_isPartOf_sm&facet.field=solr_year_i&facet.field=dc_rights_s&facet.field=layer_geom_type_s&facet.field=dc_format_s&qt=search&fq={!raw+f%3Ddct_provenance_s}New+York+University} hits=4 status=0 QTime=11 
5638682 [Thread-0] INFO  org.eclipse.jetty.server.Server  – Graceful shutdown SocketConnector@0.0.0.0:8983
5638704 [Thread-0] INFO  org.eclipse.jetty.server.Server  – Graceful shutdown o.e.j.w.WebAppContext{/solr,file:/home/ubuntu/nyugeoblacklight/jetty/solr-webapp/webapp/},/home/ubuntu/nyugeoblacklight/jetty/webapps/solr.war
5639706 [Thread-0] INFO  org.apache.solr.core.CoreContainer  – Shutting down CoreContainer instance=1847028613
5639706 [Thread-0] INFO  org.apache.solr.core.SolrCore  – [blacklight-core]  CLOSING SolrCore org.apache.solr.core.SolrCore@580a657c
5639708 [Thread-0] INFO  org.apache.solr.update.UpdateHandler  – closing DirectUpdateHandler2{commits=1,autocommit maxTime=15000ms,autocommits=0,soft autocommits=0,optimizes=0,rollbacks=0,expungeDeletes=0,docsPending=0,adds=0,deletesById=0,deletesByQuery=0,errors=0,cumulative_adds=1,cumulative_deletesById=0,cumulative_deletesByQuery=0,cumulative_errors=0,transaction_logs_total_size=14338,transaction_logs_total_number=11}
5639708 [Thread-0] INFO  org.apache.solr.update.SolrCoreState  – Closing SolrCoreState
5639709 [Thread-0] INFO  org.apache.solr.update.DefaultSolrCoreState  – SolrCoreState ref count has reached 0 - closing IndexWriter
5639709 [Thread-0] INFO  org.apache.solr.update.DefaultSolrCoreState  – closing IndexWriter with IndexWriterCloser
5639855 [Thread-0] INFO  org.apache.solr.core.SolrCore  – SolrDeletionPolicy.onCommit: commits: num=2
	commit{dir=NRTCachingDirectory(MMapDirectory@/home/ubuntu/nyugeoblacklight/jetty/solr/blacklight-core/data/index lockFactory=NativeFSLockFactory@/home/ubuntu/nyugeoblacklight/jetty/solr/blacklight-core/data/index; maxCacheMB=48.0 maxMergeSizeMB=4.0),segFN=segments_6g,generation=232}
	commit{dir=NRTCachingDirectory(MMapDirectory@/home/ubuntu/nyugeoblacklight/jetty/solr/blacklight-core/data/index lockFactory=NativeFSLockFactory@/home/ubuntu/nyugeoblacklight/jetty/solr/blacklight-core/data/index; maxCacheMB=48.0 maxMergeSizeMB=4.0),segFN=segments_6h,generation=233}
5639855 [Thread-0] INFO  org.apache.solr.core.SolrCore  – newest commit generation = 233
5639869 [Thread-0] INFO  org.apache.solr.core.SolrCore  – [blacklight-core] Closing main searcher on request.
5639880 [Thread-0] INFO  org.apache.solr.core.CachingDirectoryFactory  – Closing NRTCachingDirectoryFactory - 2 directories currently being tracked
5639883 [Thread-0] INFO  org.apache.solr.core.CachingDirectoryFactory  – looking to close /home/ubuntu/nyugeoblacklight/jetty/solr/blacklight-core/data [CachedDir<<refCount=0;path=/home/ubuntu/nyugeoblacklight/jetty/solr/blacklight-core/data;done=false>>]
5639883 [Thread-0] INFO  org.apache.solr.core.CachingDirectoryFactory  – Closing directory: /home/ubuntu/nyugeoblacklight/jetty/solr/blacklight-core/data
5639883 [Thread-0] INFO  org.apache.solr.core.CachingDirectoryFactory  – looking to close /home/ubuntu/nyugeoblacklight/jetty/solr/blacklight-core/data/index [CachedDir<<refCount=0;path=/home/ubuntu/nyugeoblacklight/jetty/solr/blacklight-core/data/index;done=false>>]
5639883 [Thread-0] INFO  org.apache.solr.core.CachingDirectoryFactory  – Closing directory: /home/ubuntu/nyugeoblacklight/jetty/solr/blacklight-core/data/index
5639886 [Thread-0] INFO  org.eclipse.jetty.server.handler.ContextHandler  – stopped o.e.j.w.WebAppContext{/solr,file:/home/ubuntu/nyugeoblacklight/jetty/solr-webapp/webapp/},/home/ubuntu/nyugeoblacklight/jetty/webapps/solr.war
